\BOOKMARK [1][-]{section.1}{Einleitung}{}% 1
\BOOKMARK [1][-]{section.2}{Enwurf und Architektur}{}% 2
\BOOKMARK [2][-]{subsection.2.1}{Entwurfsarchitektur}{section.2}% 3
\BOOKMARK [3][-]{subsubsection.2.1.1}{Depot-Architektur}{subsection.2.1}% 4
\BOOKMARK [2][-]{subsection.2.2}{Paketdiagramm}{section.2}% 5
\BOOKMARK [2][-]{subsection.2.3}{Klassendiagramme}{section.2}% 6
\BOOKMARK [3][-]{subsubsection.2.3.1}{KD Typen}{subsection.2.3}% 7
\BOOKMARK [3][-]{subsubsection.2.3.2}{Pr\344sentationsschicht}{subsection.2.3}% 8
\BOOKMARK [3][-]{subsubsection.2.3.3}{Datenbank}{subsection.2.3}% 9
\BOOKMARK [1][-]{section.3}{Implementierungsentwurf}{}% 10
\BOOKMARK [2][-]{subsection.3.1}{Paket Typen}{section.3}% 11
\BOOKMARK [3][-]{subsubsection.3.1.1}{Die Klasse Beleg}{subsection.3.1}% 12
\BOOKMARK [3][-]{subsubsection.3.1.2}{Die Klasse Thema}{subsection.3.1}% 13
\BOOKMARK [3][-]{subsubsection.3.1.3}{Die Klasse Gruppe}{subsection.3.1}% 14
\BOOKMARK [3][-]{subsubsection.3.1.4}{Die Klasse Rolle}{subsection.3.1}% 15
\BOOKMARK [3][-]{subsubsection.3.1.5}{Die Klasse Student}{subsection.3.1}% 16
\BOOKMARK [2][-]{subsection.3.2}{Paket DozentBelegverwaltungUI}{section.3}% 17
\BOOKMARK [3][-]{subsubsection.3.2.1}{Die Klasse MainForm}{subsection.3.2}% 18
\BOOKMARK [3][-]{subsubsection.3.2.2}{Die Klasse Eingabe}{subsection.3.2}% 19
\BOOKMARK [3][-]{subsubsection.3.2.3}{Die Klasse BelegBearbeiten}{subsection.3.2}% 20
\BOOKMARK [3][-]{subsubsection.3.2.4}{Die Klasse GruppeBearbeiten}{subsection.3.2}% 21
\BOOKMARK [3][-]{subsubsection.3.2.5}{Die Klasse RolleVerwalten}{subsection.3.2}% 22
\BOOKMARK [3][-]{subsubsection.3.2.6}{Die Klasse ThemenVerwalten}{subsection.3.2}% 23
\BOOKMARK [3][-]{subsubsection.3.2.7}{Die Klasse PdfArchivierung}{subsection.3.2}% 24
\BOOKMARK [3][-]{subsubsection.3.2.8}{Die Klasse KontaktForm}{subsection.3.2}% 25
\BOOKMARK [2][-]{subsection.3.3}{Paket StudentBelegverwaltungUI}{section.3}% 26
\BOOKMARK [3][-]{subsubsection.3.3.1}{Die Klasse LoginForm}{subsection.3.3}% 27
\BOOKMARK [3][-]{subsubsection.3.3.2}{Die Klasse MainForm}{subsection.3.3}% 28
\BOOKMARK [3][-]{subsubsection.3.3.3}{Die Klasse FormErstanmeldung}{subsection.3.3}% 29
\BOOKMARK [3][-]{subsubsection.3.3.4}{Die Klasse FormMitgliederNeuEingeben}{subsection.3.3}% 30
\BOOKMARK [2][-]{subsection.3.4}{Paket DBService}{section.3}% 31
\BOOKMARK [3][-]{subsubsection.3.4.1}{Die Klasse Database}{subsection.3.4}% 32
