This is pdfTeX, Version 3.1415926-2.5-1.40.14 (MiKTeX 2.9) (preloaded format=pdflatex 2014.4.10)  24 JUN 2014 16:48
entering extended mode
**Entwicklerdokumentation.tex

("C:\Users\Felix\eclipse_workspace\SEII - Entwicklerdokumentation\Entwicklerdok
umentation.tex"
LaTeX2e <2011/06/27>
Babel <v3.8m> and hyphenation patterns for english, afrikaans, ancientgreek, ar
abic, armenian, assamese, basque, bengali, bokmal, bulgarian, catalan, coptic, 
croatian, czech, danish, dutch, esperanto, estonian, farsi, finnish, french, ga
lician, german, german-x-2013-05-26, greek, gujarati, hindi, hungarian, iceland
ic, indonesian, interlingua, irish, italian, kannada, kurmanji, latin, latvian,
 lithuanian, malayalam, marathi, mongolian, mongolianlmc, monogreek, ngerman, n
german-x-2013-05-26, nynorsk, oriya, panjabi, pinyin, polish, portuguese, roman
ian, russian, sanskrit, serbian, slovak, slovenian, spanish, swedish, swissgerm
an, tamil, telugu, turkish, turkmen, ukenglish, ukrainian, uppersorbian, usengl
ishmax, welsh, loaded.
("C:\Program Files (x86)\MiKTeX 2.9\tex\latex\base\article.cls"
Document Class: article 2007/10/19 v1.4h Standard LaTeX document class
("C:\Program Files (x86)\MiKTeX 2.9\tex\latex\base\size12.clo"
File: size12.clo 2007/10/19 v1.4h Standard LaTeX file (size option)
)
\c@part=\count79
\c@section=\count80
\c@subsection=\count81
\c@subsubsection=\count82
\c@paragraph=\count83
\c@subparagraph=\count84
\c@figure=\count85
\c@table=\count86
\abovecaptionskip=\skip41
\belowcaptionskip=\skip42
\bibindent=\dimen102
)
("C:\Program Files (x86)\MiKTeX 2.9\tex\latex\geometry\geometry.sty"
Package: geometry 2010/09/12 v5.6 Page Geometry

("C:\Program Files (x86)\MiKTeX 2.9\tex\latex\graphics\keyval.sty"
Package: keyval 1999/03/16 v1.13 key=value parser (DPC)
\KV@toks@=\toks14
)
("C:\Program Files (x86)\MiKTeX 2.9\tex\generic\oberdiek\ifpdf.sty"
Package: ifpdf 2011/01/30 v2.3 Provides the ifpdf switch (HO)
Package ifpdf Info: pdfTeX in PDF mode is detected.
)
("C:\Program Files (x86)\MiKTeX 2.9\tex\generic\oberdiek\ifvtex.sty"
Package: ifvtex 2010/03/01 v1.5 Detect VTeX and its facilities (HO)
Package ifvtex Info: VTeX not detected.
)
("C:\Program Files (x86)\MiKTeX 2.9\tex\generic\ifxetex\ifxetex.sty"
Package: ifxetex 2010/09/12 v0.6 Provides ifxetex conditional
)
\Gm@cnth=\count87
\Gm@cntv=\count88
\c@Gm@tempcnt=\count89
\Gm@bindingoffset=\dimen103
\Gm@wd@mp=\dimen104
\Gm@odd@mp=\dimen105
\Gm@even@mp=\dimen106
\Gm@layoutwidth=\dimen107
\Gm@layoutheight=\dimen108
\Gm@layouthoffset=\dimen109
\Gm@layoutvoffset=\dimen110
\Gm@dimlist=\toks15

("C:\Program Files (x86)\MiKTeX 2.9\tex\latex\geometry\geometry.cfg"))
("C:\Program Files (x86)\MiKTeX 2.9\tex\latex\graphics\graphicx.sty"
Package: graphicx 1999/02/16 v1.0f Enhanced LaTeX Graphics (DPC,SPQR)

("C:\Program Files (x86)\MiKTeX 2.9\tex\latex\graphics\graphics.sty"
Package: graphics 2009/02/05 v1.0o Standard LaTeX Graphics (DPC,SPQR)

("C:\Program Files (x86)\MiKTeX 2.9\tex\latex\graphics\trig.sty"
Package: trig 1999/03/16 v1.09 sin cos tan (DPC)
)
("C:\Program Files (x86)\MiKTeX 2.9\tex\latex\00miktex\graphics.cfg"
File: graphics.cfg 2007/01/18 v1.5 graphics configuration of teTeX/TeXLive
)
Package graphics Info: Driver file: pdftex.def on input line 91.

("C:\Program Files (x86)\MiKTeX 2.9\tex\latex\pdftex-def\pdftex.def"
File: pdftex.def 2011/05/27 v0.06d Graphics/color for pdfTeX

("C:\Program Files (x86)\MiKTeX 2.9\tex\generic\oberdiek\infwarerr.sty"
Package: infwarerr 2010/04/08 v1.3 Providing info/warning/error messages (HO)
)
("C:\Program Files (x86)\MiKTeX 2.9\tex\generic\oberdiek\ltxcmds.sty"
Package: ltxcmds 2011/11/09 v1.22 LaTeX kernel commands for general use (HO)
)
\Gread@gobject=\count90
))
\Gin@req@height=\dimen111
\Gin@req@width=\dimen112
)
("C:\Program Files (x86)\MiKTeX 2.9\tex\latex\psnfss\helvet.sty"
Package: helvet 2005/04/12 PSNFSS-v9.2a (WaS) 
)
("C:\Program Files (x86)\MiKTeX 2.9\tex\latex\amsmath\amsmath.sty"
Package: amsmath 2013/01/14 v2.14 AMS math features
\@mathmargin=\skip43

For additional information on amsmath, use the `?' option.
("C:\Program Files (x86)\MiKTeX 2.9\tex\latex\amsmath\amstext.sty"
Package: amstext 2000/06/29 v2.01

("C:\Program Files (x86)\MiKTeX 2.9\tex\latex\amsmath\amsgen.sty"
File: amsgen.sty 1999/11/30 v2.0
\@emptytoks=\toks16
\ex@=\dimen113
))
("C:\Program Files (x86)\MiKTeX 2.9\tex\latex\amsmath\amsbsy.sty"
Package: amsbsy 1999/11/29 v1.2d
\pmbraise@=\dimen114
)
("C:\Program Files (x86)\MiKTeX 2.9\tex\latex\amsmath\amsopn.sty"
Package: amsopn 1999/12/14 v2.01 operator names
)
\inf@bad=\count91
LaTeX Info: Redefining \frac on input line 210.
\uproot@=\count92
\leftroot@=\count93
LaTeX Info: Redefining \overline on input line 306.
\classnum@=\count94
\DOTSCASE@=\count95
LaTeX Info: Redefining \ldots on input line 378.
LaTeX Info: Redefining \dots on input line 381.
LaTeX Info: Redefining \cdots on input line 466.
\Mathstrutbox@=\box26
\strutbox@=\box27
\big@size=\dimen115
LaTeX Font Info:    Redeclaring font encoding OML on input line 566.
LaTeX Font Info:    Redeclaring font encoding OMS on input line 567.
\macc@depth=\count96
\c@MaxMatrixCols=\count97
\dotsspace@=\muskip10
\c@parentequation=\count98
\dspbrk@lvl=\count99
\tag@help=\toks17
\row@=\count100
\column@=\count101
\maxfields@=\count102
\andhelp@=\toks18
\eqnshift@=\dimen116
\alignsep@=\dimen117
\tagshift@=\dimen118
\tagwidth@=\dimen119
\totwidth@=\dimen120
\lineht@=\dimen121
\@envbody=\toks19
\multlinegap=\skip44
\multlinetaggap=\skip45
\mathdisplay@stack=\toks20
LaTeX Info: Redefining \[ on input line 2665.
LaTeX Info: Redefining \] on input line 2666.
)
("C:\Program Files (x86)\MiKTeX 2.9\tex\latex\amscls\amsthm.sty"
Package: amsthm 2004/08/06 v2.20
\thm@style=\toks21
\thm@bodyfont=\toks22
\thm@headfont=\toks23
\thm@notefont=\toks24
\thm@headpunct=\toks25
\thm@preskip=\skip46
\thm@postskip=\skip47
\thm@headsep=\skip48
\dth@everypar=\toks26
)
("C:\Program Files (x86)\MiKTeX 2.9\tex\latex\amsfonts\amssymb.sty"
Package: amssymb 2013/01/14 v3.01 AMS font symbols

("C:\Program Files (x86)\MiKTeX 2.9\tex\latex\amsfonts\amsfonts.sty"
Package: amsfonts 2013/01/14 v3.01 Basic AMSFonts support
\symAMSa=\mathgroup4
\symAMSb=\mathgroup5
LaTeX Font Info:    Overwriting math alphabet `\mathfrak' in version `bold'
(Font)                  U/euf/m/n --> U/euf/b/n on input line 106.
))
("C:\Program Files (x86)\MiKTeX 2.9\tex\latex\hyperref\hyperref.sty"
Package: hyperref 2012/11/06 v6.83m Hypertext links for LaTeX

("C:\Program Files (x86)\MiKTeX 2.9\tex\generic\oberdiek\hobsub-hyperref.sty"
Package: hobsub-hyperref 2012/04/25 v1.12 Bundle oberdiek, subset hyperref (HO)


("C:\Program Files (x86)\MiKTeX 2.9\tex\generic\oberdiek\hobsub-generic.sty"
Package: hobsub-generic 2012/04/25 v1.12 Bundle oberdiek, subset generic (HO)
Package: hobsub 2012/04/25 v1.12 Construct package bundles (HO)
Package hobsub Info: Skipping package `infwarerr' (already loaded).
Package hobsub Info: Skipping package `ltxcmds' (already loaded).
Package: ifluatex 2010/03/01 v1.3 Provides the ifluatex switch (HO)
Package ifluatex Info: LuaTeX not detected.
Package hobsub Info: Skipping package `ifvtex' (already loaded).
Package: intcalc 2007/09/27 v1.1 Expandable calculations with integers (HO)
Package hobsub Info: Skipping package `ifpdf' (already loaded).
Package: etexcmds 2011/02/16 v1.5 Avoid name clashes with e-TeX commands (HO)
Package etexcmds Info: Could not find \expanded.
(etexcmds)             That can mean that you are not using pdfTeX 1.50 or
(etexcmds)             that some package has redefined \expanded.
(etexcmds)             In the latter case, load this package earlier.
Package: kvsetkeys 2012/04/25 v1.16 Key value parser (HO)
Package: kvdefinekeys 2011/04/07 v1.3 Define keys (HO)
Package: pdftexcmds 2011/11/29 v0.20 Utility functions of pdfTeX for LuaTeX (HO
)
Package pdftexcmds Info: LuaTeX not detected.
Package pdftexcmds Info: \pdf@primitive is available.
Package pdftexcmds Info: \pdf@ifprimitive is available.
Package pdftexcmds Info: \pdfdraftmode found.
Package: pdfescape 2011/11/25 v1.13 Implements pdfTeX's escape features (HO)
Package: bigintcalc 2012/04/08 v1.3 Expandable calculations on big integers (HO
)
Package: bitset 2011/01/30 v1.1 Handle bit-vector datatype (HO)
Package: uniquecounter 2011/01/30 v1.2 Provide unlimited unique counter (HO)
)
Package hobsub Info: Skipping package `hobsub' (already loaded).
Package: letltxmacro 2010/09/02 v1.4 Let assignment for LaTeX macros (HO)
Package: hopatch 2011/06/24 v1.1 Wrapper for package hooks (HO)
Package: xcolor-patch 2011/01/30 xcolor patch
Package: atveryend 2011/06/30 v1.8 Hooks at the very end of document (HO)
Package atveryend Info: \enddocument detected (standard20110627).
Package: atbegshi 2011/10/05 v1.16 At begin shipout hook (HO)
Package: refcount 2011/10/16 v3.4 Data extraction from label references (HO)
Package: hycolor 2011/01/30 v1.7 Color options for hyperref/bookmark (HO)
)
("C:\Program Files (x86)\MiKTeX 2.9\tex\latex\oberdiek\auxhook.sty"
Package: auxhook 2011/03/04 v1.3 Hooks for auxiliary files (HO)
)
("C:\Program Files (x86)\MiKTeX 2.9\tex\latex\oberdiek\kvoptions.sty"
Package: kvoptions 2011/06/30 v3.11 Key value format for package options (HO)
)
\@linkdim=\dimen122
\Hy@linkcounter=\count103
\Hy@pagecounter=\count104

("C:\Program Files (x86)\MiKTeX 2.9\tex\latex\hyperref\pd1enc.def"
File: pd1enc.def 2012/11/06 v6.83m Hyperref: PDFDocEncoding definition (HO)
)
\Hy@SavedSpaceFactor=\count105

("C:\Program Files (x86)\MiKTeX 2.9\tex\latex\00miktex\hyperref.cfg"
File: hyperref.cfg 2002/06/06 v1.2 hyperref configuration of TeXLive
)
Package hyperref Info: Hyper figures OFF on input line 4443.
Package hyperref Info: Link nesting OFF on input line 4448.
Package hyperref Info: Hyper index ON on input line 4451.
Package hyperref Info: Plain pages OFF on input line 4458.
Package hyperref Info: Backreferencing OFF on input line 4463.
Package hyperref Info: Implicit mode ON; LaTeX internals redefined.
Package hyperref Info: Bookmarks ON on input line 4688.
\c@Hy@tempcnt=\count106

(C:\Users\Felix\AppData\Roaming\MiKTeX\2.9\tex\latex\url\url.sty
\Urlmuskip=\muskip11
Package: url 2013/09/16  ver 3.4  Verb mode for urls, etc.
)
LaTeX Info: Redefining \url on input line 5041.
\XeTeXLinkMargin=\dimen123
\Fld@menulength=\count107
\Field@Width=\dimen124
\Fld@charsize=\dimen125
Package hyperref Info: Hyper figures OFF on input line 6295.
Package hyperref Info: Link nesting OFF on input line 6300.
Package hyperref Info: Hyper index ON on input line 6303.
Package hyperref Info: backreferencing OFF on input line 6310.
Package hyperref Info: Link coloring OFF on input line 6315.
Package hyperref Info: Link coloring with OCG OFF on input line 6320.
Package hyperref Info: PDF/A mode OFF on input line 6325.
LaTeX Info: Redefining \ref on input line 6365.
LaTeX Info: Redefining \pageref on input line 6369.
\Hy@abspage=\count108
\c@Item=\count109
\c@Hfootnote=\count110
)

Package hyperref Message: Driver (autodetected): hpdftex.

("C:\Program Files (x86)\MiKTeX 2.9\tex\latex\hyperref\hpdftex.def"
File: hpdftex.def 2012/11/06 v6.83m Hyperref driver for pdfTeX
\Fld@listcount=\count111
\c@bookmark@seq@number=\count112

("C:\Program Files (x86)\MiKTeX 2.9\tex\latex\oberdiek\rerunfilecheck.sty"
Package: rerunfilecheck 2011/04/15 v1.7 Rerun checks for auxiliary files (HO)
Package uniquecounter Info: New unique counter `rerunfilecheck' on input line 2
82.
)
\Hy@SectionHShift=\skip49
)
("C:\Program Files (x86)\MiKTeX 2.9\tex\latex\eurosym\eurosym.sty"
Package: eurosym 1998/08/06 v1.1 European currency symbol ``Euro''
\@eurobox=\box28
)
("C:\Program Files (x86)\MiKTeX 2.9\tex\latex\base\inputenc.sty"
Package: inputenc 2008/03/30 v1.1d Input encoding file
\inpenc@prehook=\toks27
\inpenc@posthook=\toks28

("C:\Program Files (x86)\MiKTeX 2.9\tex\latex\base\latin1.def"
File: latin1.def 2008/03/30 v1.1d Input encoding file
))
("C:\Users\Felix\eclipse_workspace\SEII - Entwicklerdokumentation\Entwicklerdok
umentation.aux")
LaTeX Font Info:    Checking defaults for OML/cmm/m/it on input line 17.
LaTeX Font Info:    ... okay on input line 17.
LaTeX Font Info:    Checking defaults for T1/cmr/m/n on input line 17.
LaTeX Font Info:    ... okay on input line 17.
LaTeX Font Info:    Checking defaults for OT1/cmr/m/n on input line 17.
LaTeX Font Info:    ... okay on input line 17.
LaTeX Font Info:    Checking defaults for OMS/cmsy/m/n on input line 17.
LaTeX Font Info:    ... okay on input line 17.
LaTeX Font Info:    Checking defaults for OMX/cmex/m/n on input line 17.
LaTeX Font Info:    ... okay on input line 17.
LaTeX Font Info:    Checking defaults for U/cmr/m/n on input line 17.
LaTeX Font Info:    ... okay on input line 17.
LaTeX Font Info:    Checking defaults for PD1/pdf/m/n on input line 17.
LaTeX Font Info:    ... okay on input line 17.

*geometry* driver: auto-detecting
*geometry* detected driver: pdftex
*geometry* verbose mode - [ preamble ] result:
* driver: pdftex
* paper: a4paper
* layout: <same size as paper>
* layoutoffset:(h,v)=(0.0pt,0.0pt)
* modes: 
* h-part:(L,W,R)=(85.35826pt, 455.24411pt, 56.9055pt)
* v-part:(T,H,B)=(56.9055pt, 686.7347pt, 101.40665pt)
* \paperwidth=597.50787pt
* \paperheight=845.04684pt
* \textwidth=455.24411pt
* \textheight=686.7347pt
* \oddsidemargin=13.08827pt
* \evensidemargin=13.08827pt
* \topmargin=-55.1986pt
* \headheight=22.76228pt
* \headsep=17.07182pt
* \topskip=12.0pt
* \footskip=0.0pt
* \marginparwidth=35.0pt
* \marginparsep=10.0pt
* \columnsep=10.0pt
* \skip\footins=10.8pt plus 4.0pt minus 2.0pt
* \hoffset=0.0pt
* \voffset=0.0pt
* \mag=1000
* \@twocolumnfalse
* \@twosidefalse
* \@mparswitchfalse
* \@reversemarginfalse
* (1in=72.27pt=25.4mm, 1cm=28.453pt)

(C:\Users\Felix\AppData\Roaming\MiKTeX\2.9\tex\context\base\supp-pdf.mkii
[Loading MPS to PDF converter (version 2006.09.02).]
\scratchcounter=\count113
\scratchdimen=\dimen126
\scratchbox=\box29
\nofMPsegments=\count114
\nofMParguments=\count115
\everyMPshowfont=\toks29
\MPscratchCnt=\count116
\MPscratchDim=\dimen127
\MPnumerator=\count117
\makeMPintoPDFobject=\count118
\everyMPtoPDFconversion=\toks30
)
\AtBeginShipoutBox=\box30
Package hyperref Info: Link coloring OFF on input line 17.
 ("C:\Program Files (x86)\MiKTeX 2.9\tex\latex\hyperref\nameref.sty"
Package: nameref 2012/10/27 v2.43 Cross-referencing by name of section

("C:\Program Files (x86)\MiKTeX 2.9\tex\generic\oberdiek\gettitlestring.sty"
Package: gettitlestring 2010/12/03 v1.4 Cleanup title references (HO)
)
\c@section@level=\count119
)
LaTeX Info: Redefining \ref on input line 17.
LaTeX Info: Redefining \pageref on input line 17.
LaTeX Info: Redefining \nameref on input line 17.

("C:\Users\Felix\eclipse_workspace\SEII - Entwicklerdokumentation\Entwicklerdok
umentation.out")
("C:\Users\Felix\eclipse_workspace\SEII - Entwicklerdokumentation\Entwicklerdok
umentation.out")
\@outlinefile=\write3
 <grafiken/HTW-Logo.png, id=131, 192.72pt x 45.46988pt>
File: grafiken/HTW-Logo.png Graphic file (type png)

<use grafiken/HTW-Logo.png>
Package pdftex.def Info: grafiken/HTW-Logo.png used on input line 21.
(pdftex.def)             Requested size: 192.71951pt x 45.46974pt.
 [1

{C:/Users/Felix/AppData/Local/MiKTeX/2.9/pdftex/config/pdftex.map} <C:/Users/Fe
lix/eclipse_workspace/SEII - Entwicklerdokumentation/grafiken/HTW-Logo.png>]
\c@satz=\count120

("C:\Users\Felix\eclipse_workspace\SEII - Entwicklerdokumentation\Entwicklerdok
umentation.toc"
LaTeX Font Info:    Try loading font information for U+msa on input line 3.
 ("C:\Program Files (x86)\MiKTeX 2.9\tex\latex\amsfonts\umsa.fd"
File: umsa.fd 2013/01/14 v3.01 AMS symbols A
)
LaTeX Font Info:    Try loading font information for U+msb on input line 3.
 ("C:\Program Files (x86)\MiKTeX 2.9\tex\latex\amsfonts\umsb.fd"
File: umsb.fd 2013/01/14 v3.01 AMS symbols B
))
\tf@toc=\write4
\c@roemisch=\count121
 [3

]
<grafiken/Entwurf/depot.jpg, id=177, 446.41782pt x 301.125pt>
File: grafiken/Entwurf/depot.jpg Graphic file (type jpg)

<use grafiken/Entwurf/depot.jpg>
Package pdftex.def Info: grafiken/Entwurf/depot.jpg used on input line 81.
(pdftex.def)             Requested size: 446.41672pt x 301.12425pt.
pdfTeX warning (ext4): destination with the same identifier (name{page.1}) has 
been already used, duplicate ignored
<to be read again> 
                   \relax 
l.87 \subsection
                {Packetdiagramm} [1

 <C:/Users/Felix/eclipse_workspace/SEII - Entwicklerdokumentation/grafiken/Entw
urf/depot.jpg>]
<grafiken/Entwurf/paket_klein.jpg, id=181, 489.32813pt x 330.48468pt>
File: grafiken/Entwurf/paket_klein.jpg Graphic file (type jpg)

<use grafiken/Entwurf/paket_klein.jpg>
Package pdftex.def Info: grafiken/Entwurf/paket_klein.jpg used on input line 88
.
(pdftex.def)             Requested size: 489.32692pt x 330.48387pt.

Overfull \hbox (34.08281pt too wide) in paragraph at lines 88--95
[][] 
 []


Overfull \hbox (1.69572pt too wide) in paragraph at lines 88--95
\OT1/cmr/m/n/12 Prasentationsschicht (Pack-ete Pro-gram-Dozen-tUI und Pro-gram
-Stu-den-tUI). Mit einer Tren-
 []

<grafiken/Entwurf/KD_Typen_1.jpg, id=182, 175.40532pt x 383.18156pt>
File: grafiken/Entwurf/KD_Typen_1.jpg Graphic file (type jpg)

<use grafiken/Entwurf/KD_Typen_1.jpg>
Package pdftex.def Info: grafiken/Entwurf/KD_Typen_1.jpg used on input line 100
.
(pdftex.def)             Requested size: 175.40488pt x 383.18062pt.

<grafiken/Entwurf/KD_Typen_2.jpg, id=183, 444.15938pt x 289.08pt>
File: grafiken/Entwurf/KD_Typen_2.jpg Graphic file (type jpg)

<use grafiken/Entwurf/KD_Typen_2.jpg>
Package pdftex.def Info: grafiken/Entwurf/KD_Typen_2.jpg used on input line 101
.
(pdftex.def)             Requested size: 444.15828pt x 289.07928pt.
 [2 <C:/Users/Felix/eclipse_workspace/SEII - Entwicklerdokumentation/grafiken/E
ntwurf/paket_klein.jpg>]
<grafiken/Entwurf/KDDozentProgrammUIV2.png, id=188, 408.77719pt x 444.15938pt>
File: grafiken/Entwurf/KDDozentProgrammUIV2.png Graphic file (type png)

<use grafiken/Entwurf/KDDozentProgrammUIV2.png>
Package pdftex.def Info: grafiken/Entwurf/KDDozentProgrammUIV2.png used on inpu
t line 105.
(pdftex.def)             Requested size: 408.77618pt x 444.15828pt.
 [3 <C:/Users/Felix/eclipse_workspace/SEII - Entwicklerdokumentation/grafiken/E
ntwurf/KD_Typen_1.jpg> <C:/Users/Felix/eclipse_workspace/SEII - Entwicklerdokum
entation/grafiken/Entwurf/KD_Typen_2.jpg>]
<grafiken/Entwurf/KD_Database.png, id=194, 220.57407pt x 177.66376pt>
File: grafiken/Entwurf/KD_Database.png Graphic file (type png)

<use grafiken/Entwurf/KD_Database.png>
Package pdftex.def Info: grafiken/Entwurf/KD_Database.png used on input line 11
4.
(pdftex.def)             Requested size: 220.57352pt x 177.66331pt.
 [4 <C:/Users/Felix/eclipse_workspace/SEII - Entwicklerdokumentation/grafiken/E
ntwurf/KDDozentProgrammUIV2.png>]
<grafiken/Klassendiagramme_einzeln/Typen/Beleg.png, id=200, 259.97125pt x 335.2
525pt>
File: grafiken/Klassendiagramme_einzeln/Typen/Beleg.png Graphic file (type png)

 <use grafiken/Klassendiagramme_einzeln/Typen/Beleg.png>
Package pdftex.def Info: grafiken/Klassendiagramme_einzeln/Typen/Beleg.png used
 on input line 134.
(pdftex.def)             Requested size: 259.97061pt x 335.25168pt.
 [5 <C:/Users/Felix/eclipse_workspace/SEII - Entwicklerdokumentation/grafiken/E
ntwurf/KD_Database.png>]
LaTeX Font Info:    Try loading font information for OMS+cmr on input line 137.

 ("C:\Program Files (x86)\MiKTeX 2.9\tex\latex\base\omscmr.fd"
File: omscmr.fd 1999/05/25 v2.5h Standard LaTeX font definitions
)
LaTeX Font Info:    Font shape `OMS/cmr/m/n' in size <12> not available
(Font)              Font shape `OMS/cmsy/m/n' tried instead on input line 137.

Overfull \hbox (6.70946pt too wide) in paragraph at lines 142--145
\OT1/cmr/m/n/12 Mit dieser Meth-ode kann einem Be-leg eine Case-Gruppe vom Typ 
Gruppe hinzugefugt
 []


<grafiken/Klassendiagramme_einzeln/Typen/Thema.png, id=206, 259.97125pt x 143.5
3625pt>
File: grafiken/Klassendiagramme_einzeln/Typen/Thema.png Graphic file (type png)

 <use grafiken/Klassendiagramme_einzeln/Typen/Thema.png>
Package pdftex.def Info: grafiken/Klassendiagramme_einzeln/Typen/Thema.png used
 on input line 148.
(pdftex.def)             Requested size: 259.97061pt x 143.53589pt.
 [6 <C:/Users/Felix/eclipse_workspace/SEII - Entwicklerdokumentation/grafiken/K
lassendiagramme_einzeln/Typen/Beleg.png (PNG copy)>]
<grafiken/Klassendiagramme_einzeln/Typen/Gruppe.png, id=212, 284.06125pt x 198.
7425pt>
File: grafiken/Klassendiagramme_einzeln/Typen/Gruppe.png Graphic file (type png
)
 <use grafiken/Klassendiagramme_einzeln/Typen/Gruppe.png>
Package pdftex.def Info: grafiken/Klassendiagramme_einzeln/Typen/Gruppe.png use
d on input line 157.
(pdftex.def)             Requested size: 284.06053pt x 198.742pt.

<grafiken/Klassendiagramme_einzeln/Typen/Rolle.png, id=213, 211.79124pt x 168.6
3pt>
File: grafiken/Klassendiagramme_einzeln/Typen/Rolle.png Graphic file (type png)

 <use grafiken/Klassendiagramme_einzeln/Typen/Rolle.png>
Package pdftex.def Info: grafiken/Klassendiagramme_einzeln/Typen/Rolle.png used
 on input line 172.
(pdftex.def)             Requested size: 211.79073pt x 168.62958pt.
 [7 <C:/Users/Felix/eclipse_workspace/SEII - Entwicklerdokumentation/grafiken/K
lassendiagramme_einzeln/Typen/Thema.png (PNG copy)> <C:/Users/Felix/eclipse_wor
kspace/SEII - Entwicklerdokumentation/grafiken/Klassendiagramme_einzeln/Typen/G
ruppe.png (PNG copy)>]
<grafiken/Klassendiagramme_einzeln/Typen/Student.png, id=218, 235.88126pt x 198
.7425pt>
File: grafiken/Klassendiagramme_einzeln/Typen/Student.png Graphic file (type pn
g)
 <use grafiken/Klassendiagramme_einzeln/Typen/Student.png>
Package pdftex.def Info: grafiken/Klassendiagramme_einzeln/Typen/Student.png us
ed on input line 180.
(pdftex.def)             Requested size: 235.88068pt x 198.742pt.

<grafiken/Klassendiagramme_einzeln/DozentBelegverwaltungUI/MainForm.png, id=219
, 222.8325pt x 451.6875pt>
File: grafiken/Klassendiagramme_einzeln/DozentBelegverwaltungUI/MainForm.png Gr
aphic file (type png)

<use grafiken/Klassendiagramme_einzeln/DozentBelegverwaltungUI/MainForm.png>
Package pdftex.def Info: grafiken/Klassendiagramme_einzeln/DozentBelegverwaltun
gUI/MainForm.png used on input line 192.
(pdftex.def)             Requested size: 222.83195pt x 451.68639pt.

[8 <C:/Users/Felix/eclipse_workspace/SEII - Entwicklerdokumentation/grafiken/Kl
assendiagramme_einzeln/Typen/Rolle.png (PNG copy)> <C:/Users/Felix/eclipse_work
space/SEII - Entwicklerdokumentation/grafiken/Klassendiagramme_einzeln/Typen/St
udent.png (PNG copy)>] [9 <C:/Users/Felix/eclipse_workspace/SEII - Entwicklerdo
kumentation/grafiken/Klassendiagramme_einzeln/DozentBelegverwaltungUI/MainForm.
png (PNG copy)>] [10]
Overfull \hbox (2.0507pt too wide) in paragraph at lines 253--264
\OT1/cmr/m/n/12 grup-pen-List-Box auswahlt. An dieser Stelle mussen jetzt die
 Stu-den-ten dieser Gruppe
 []

LaTeX Font Info:    Try loading font information for OML+cmr on input line 284.

("C:\Program Files (x86)\MiKTeX 2.9\tex\latex\base\omlcmr.fd"
File: omlcmr.fd 1999/05/25 v2.5h Standard LaTeX font definitions
)
LaTeX Font Info:    Font shape `OML/cmr/bx/n' in size <12> not available
(Font)              Font shape `OML/cmm/b/it' tried instead on input line 284.
 [11]
Overfull \hbox (27.82452pt too wide) in paragraph at lines 296--300
\OT1/cmr/m/n/12 Mit dieser Funk-tion wird das Data-Grid-View, das die Stu-den-t
en einer Gruppe reprasentiert
 []

[12]
Overfull \hbox (14.95381pt too wide) in paragraph at lines 332--337
\OT1/cmr/m/n/12 Mit dieser Funk-tion kann das Bear-beiten der Stu-den-ten einer
 Gruppe wieder ruckgangig
 []


Overfull \hbox (13.35938pt too wide) in paragraph at lines 341--344
\OT1/cmr/m/n/12 Mit dieser Funk-tion wird eine In-stanz der Klasse RolleV-er-wa
l-ten geladen und angezeigt,
 []

[13]
<grafiken/Klassendiagramme_einzeln/DozentBelegverwaltungUI/Eingabe.png, id=246,
 380.42125pt x 306.14375pt>
File: grafiken/Klassendiagramme_einzeln/DozentBelegverwaltungUI/Eingabe.png Gra
phic file (type png)

<use grafiken/Klassendiagramme_einzeln/DozentBelegverwaltungUI/Eingabe.png>
Package pdftex.def Info: grafiken/Klassendiagramme_einzeln/DozentBelegverwaltun
gUI/Eingabe.png used on input line 378.
(pdftex.def)             Requested size: 380.4203pt x 306.14299pt.

[14 <C:/Users/Felix/eclipse_workspace/SEII - Entwicklerdokumentation/grafiken/K
lassendiagramme_einzeln/DozentBelegverwaltungUI/Eingabe.png (PNG copy)>]
Overfull \hbox (7.00528pt too wide) in paragraph at lines 392--395
\OT1/cmr/m/n/12 Dieser Han-dler wird durch den "Bestatigen"-Button aus-gelost
 und gibt den eingegebe-
 []


<grafiken/Klassendiagramme_einzeln/DozentBelegverwaltungUI/BelegBearbeiten.png,
 id=251, 452.69125pt x 231.86626pt>
File: grafiken/Klassendiagramme_einzeln/DozentBelegverwaltungUI/BelegBearbeiten
.png Graphic file (type png)

<use grafiken/Klassendiagramme_einzeln/DozentBelegverwaltungUI/BelegBearbeiten.
png>
Package pdftex.def Info: grafiken/Klassendiagramme_einzeln/DozentBelegverwaltun
gUI/BelegBearbeiten.png used on input line 399.
(pdftex.def)             Requested size: 452.69014pt x 231.86568pt.
 [15 <C:/Users/Felix/eclipse_workspace/SEII - Entwicklerdokumentation/grafiken/
Klassendiagramme_einzeln/DozentBelegverwaltungUI/BelegBearbeiten.png (PNG copy)
>]
Overfull \hbox (8.04556pt too wide) in paragraph at lines 427--430
\OT1/cmr/m/n/12 Diese Funk-tion gibt dem "Abbrechen"-Button die Funk-tion, dass
 die Form geschlossen
 []


Overfull \hbox (5.57335pt too wide) in paragraph at lines 437--440
\OT1/cmr/m/n/12 Diese Funk-tion uberpruft, ob die Belegken-nung eingegeben wu
rde und ob die zulassige
 []


Overfull \hbox (9.8819pt too wide) in paragraph at lines 451--455
\OT1/cmr/m/n/12 Diese Meth-ode und auch die aquivalenten Meth-o-den ..Rolle[]C
lick(), und ..Case[]Click()
 []


Overfull \hbox (11.02634pt too wide) in paragraph at lines 456--460
\OT1/cmr/m/n/12 Diese Funk-tion und auch die aquivalenten Meth-o-den ..Rolle[]
Click(), und ..Case[]Click()
 []

[16]
<grafiken/Klassendiagramme_einzeln/DozentBelegverwaltungUI/GruppeBearbeiten.png
, id=260, 380.42125pt x 472.76625pt>
File: grafiken/Klassendiagramme_einzeln/DozentBelegverwaltungUI/GruppeBearbeite
n.png Graphic file (type png)

<use grafiken/Klassendiagramme_einzeln/DozentBelegverwaltungUI/GruppeBearbeiten
.png>
Package pdftex.def Info: grafiken/Klassendiagramme_einzeln/DozentBelegverwaltun
gUI/GruppeBearbeiten.png used on input line 476.
(pdftex.def)             Requested size: 380.4203pt x 472.76509pt.
 [17]
Overfull \hbox (29.49117pt too wide) in paragraph at lines 482--485
\OT1/cmr/m/n/12 Dieser Delegate-Handler teilt spater dem Del-e-gate mit, dass 
die Bear-beitung abgeschlossen
 []

[18 <C:/Users/Felix/eclipse_workspace/SEII - Entwicklerdokumentation/grafiken/K
lassendiagramme_einzeln/DozentBelegverwaltungUI/GruppeBearbeiten.png (PNG copy)
>]
Overfull \hbox (14.5316pt too wide) in paragraph at lines 512--519
\OT1/cmr/m/n/12 Diese Funk-tion ak-tu-al-isiert die Daten einer beste-hen-den G
ruppe mit den neu eingegebe-
 []


<grafiken/Klassendiagramme_einzeln/DozentBelegverwaltungUI/RolleVerwalten.png, 
id=270, 404.51125pt x 229.85875pt>
File: grafiken/Klassendiagramme_einzeln/DozentBelegverwaltungUI/RolleVerwalten.
png Graphic file (type png)

<use grafiken/Klassendiagramme_einzeln/DozentBelegverwaltungUI/RolleVerwalten.p
ng>
Package pdftex.def Info: grafiken/Klassendiagramme_einzeln/DozentBelegverwaltun
gUI/RolleVerwalten.png used on input line 527.
(pdftex.def)             Requested size: 404.51025pt x 229.85817pt.
 [19] [20 <C:/Users/Felix/eclipse_workspace/SEII - Entwicklerdokumentation/graf
iken/Klassendiagramme_einzeln/DozentBelegverwaltungUI/RolleVerwalten.png (PNG c
opy)>]
<grafiken/Klassendiagramme_einzeln/DozentBelegverwaltungUI/ThemenVerwalten.png,
 id=279, 235.88126pt x 229.85875pt>
File: grafiken/Klassendiagramme_einzeln/DozentBelegverwaltungUI/ThemenVerwalten
.png Graphic file (type png)

<use grafiken/Klassendiagramme_einzeln/DozentBelegverwaltungUI/ThemenVerwalten.
png>
Package pdftex.def Info: grafiken/Klassendiagramme_einzeln/DozentBelegverwaltun
gUI/ThemenVerwalten.png used on input line 561.
(pdftex.def)             Requested size: 235.88068pt x 229.85817pt.
 [21 <C:/Users/Felix/eclipse_workspace/SEII - Entwicklerdokumentation/grafiken/
Klassendiagramme_einzeln/DozentBelegverwaltungUI/ThemenVerwalten.png (PNG copy)
>]
<grafiken/Klassendiagramme_einzeln/DozentBelegverwaltungUI/PDFArchivierung.png,
 id=284, 235.88126pt x 454.69875pt>
File: grafiken/Klassendiagramme_einzeln/DozentBelegverwaltungUI/PDFArchivierung
.png Graphic file (type png)

<use grafiken/Klassendiagramme_einzeln/DozentBelegverwaltungUI/PDFArchivierung.
png>
Package pdftex.def Info: grafiken/Klassendiagramme_einzeln/DozentBelegverwaltun
gUI/PDFArchivierung.png used on input line 595.
(pdftex.def)             Requested size: 235.88068pt x 454.69763pt.
 [22]
Overfull \hbox (32.91612pt too wide) in paragraph at lines 606--610
\OT1/cmr/m/n/12 Dieser Delegate-Handler teilt spater dem Del-e-gate mit, dass 
die Archivierung abgeschlossen
 []

[23 <C:/Users/Felix/eclipse_workspace/SEII - Entwicklerdokumentation/grafiken/K
lassendiagramme_einzeln/DozentBelegverwaltungUI/PDFArchivierung.png (PNG copy)>
]
Overfull \hbox (19.62137pt too wide) in paragraph at lines 617--637
\OT1/cmr/m/n/12 Zunachst wird ein PDF-Dokument zum schreiben geoffnet. Es bek
ommt eine []Uberschrift
 []


<grafiken/Klassendiagramme_einzeln/DozentBelegverwaltungUI/KontaktForm.png, id=
294, 284.06125pt x 564.1075pt>
File: grafiken/Klassendiagramme_einzeln/DozentBelegverwaltungUI/KontaktForm.png
 Graphic file (type png)

<use grafiken/Klassendiagramme_einzeln/DozentBelegverwaltungUI/KontaktForm.png>
Package pdftex.def Info: grafiken/Klassendiagramme_einzeln/DozentBelegverwaltun
gUI/KontaktForm.png used on input line 645.
(pdftex.def)             Requested size: 284.06053pt x 564.10611pt.
[24] [25 <C:/Users/Felix/eclipse_workspace/SEII - Entwicklerdokumentation/grafi
ken/Klassendiagramme_einzeln/DozentBelegverwaltungUI/KontaktForm.png (PNG copy)
>]
<grafiken/Klassendiagramme_einzeln/StudentBelegverwaltungUI/LoginForm.png, id=3
03, 235.88126pt x 248.93pt>
File: grafiken/Klassendiagramme_einzeln/StudentBelegverwaltungUI/LoginForm.png 
Graphic file (type png)

<use grafiken/Klassendiagramme_einzeln/StudentBelegverwaltungUI/LoginForm.png>
Package pdftex.def Info: grafiken/Klassendiagramme_einzeln/StudentBelegverwaltu
ngUI/LoginForm.png used on input line 673.
(pdftex.def)             Requested size: 235.88068pt x 248.92938pt.

[26 <C:/Users/Felix/eclipse_workspace/SEII - Entwicklerdokumentation/grafiken/K
lassendiagramme_einzeln/StudentBelegverwaltungUI/LoginForm.png (PNG copy)>]
Overfull \hbox (26.09955pt too wide) in paragraph at lines 696--701
\OT1/cmr/m/n/12 Buttons beim An-melde-bild-schirm (also in der Meth-ode \OT1/cm
r/bx/n/12 Login-But-ton[]Click\OT1/cmr/m/n/12 ) aufgerufen. 
 []


<grafiken/Klassendiagramme_einzeln/StudentBelegverwaltungUI/MainForm.png, id=30
8, 308.15125pt x 397.485pt>
File: grafiken/Klassendiagramme_einzeln/StudentBelegverwaltungUI/MainForm.png G
raphic file (type png)

<use grafiken/Klassendiagramme_einzeln/StudentBelegverwaltungUI/MainForm.png>
Package pdftex.def Info: grafiken/Klassendiagramme_einzeln/StudentBelegverwaltu
ngUI/MainForm.png used on input line 722.
(pdftex.def)             Requested size: 308.15048pt x 397.48402pt.

Overfull \hbox (18.10886pt too wide) in paragraph at lines 722--727
\OT1/cmr/m/n/12 uber alle Grup-pen-mit-glieder erhalt. Auer-dem soll es mog
lich sein, neue Nutzer hinzuzufugen,
 []

[27] [28 <C:/Users/Felix/eclipse_workspace/SEII - Entwicklerdokumentation/grafi
ken/Klassendiagramme_einzeln/StudentBelegverwaltungUI/MainForm.png (PNG copy)>]
[29]
Overfull \hbox (0.99146pt too wide) in paragraph at lines 812--815
\OT1/cmr/m/n/12 Diese Meth-ode uberpruft mit-tels Regular-Expressions eine ei
ngegebene Mail-Adresse
 []

[30]
<grafiken/Klassendiagramme_einzeln/StudentBelegverwaltungUI/FormErstanemdlung.p
ng, id=326, 235.88126pt x 378.41376pt>
File: grafiken/Klassendiagramme_einzeln/StudentBelegverwaltungUI/FormErstanemdl
ung.png Graphic file (type png)

<use grafiken/Klassendiagramme_einzeln/StudentBelegverwaltungUI/FormErstanemdlu
ng.png>
Package pdftex.def Info: grafiken/Klassendiagramme_einzeln/StudentBelegverwaltu
ngUI/FormErstanemdlung.png used on input line 824.
(pdftex.def)             Requested size: 235.88068pt x 378.41283pt.
 [31 <C:/Users/Felix/eclipse_workspace/SEII - Entwicklerdokumentation/grafiken/
Klassendiagramme_einzeln/StudentBelegverwaltungUI/FormErstanemdlung.png (PNG co
py)>]
Overfull \hbox (10.49551pt too wide) in paragraph at lines 843--846
\OT1/cmr/m/n/12 Die Funk-tion check-Mail erkennt mithilfe von regularen Ausdr
ucken, ob die eingegebene
 []


<grafiken/Klassendiagramme_einzeln/StudentBelegverwaltungUI/MitgliederNeuEingeb
en.png, id=331, 308.15125pt x 397.485pt>
File: grafiken/Klassendiagramme_einzeln/StudentBelegverwaltungUI/MitgliederNeuE
ingeben.png Graphic file (type png)

<use grafiken/Klassendiagramme_einzeln/StudentBelegverwaltungUI/MitgliederNeuEi
ngeben.png>
Package pdftex.def Info: grafiken/Klassendiagramme_einzeln/StudentBelegverwaltu
ngUI/MitgliederNeuEingeben.png used on input line 853.
(pdftex.def)             Requested size: 308.15048pt x 397.48402pt.
 [32 <C:/Users/Felix/eclipse_workspace/SEII - Entwicklerdokumentation/grafiken/
Klassendiagramme_einzeln/StudentBelegverwaltungUI/MitgliederNeuEingeben.png (PN
G copy)>]
Overfull \hbox (2.47087pt too wide) in paragraph at lines 860--875
[][]\OT1/cmr/bx/n/12 public For-m-Mit-gliederNeuEingeben(Student leiter, string
 belegKen-nung) 
 []


Overfull \hbox (10.09506pt too wide) in paragraph at lines 881--885
\OT1/cmr/m/n/12 spe-ichert sie in der Liste rollen. Auer-dem wird eine Platzha
lter-Rolle "na" angehangt,
 []

[33]
Overfull \hbox (11.39642pt too wide) in paragraph at lines 916--919
\OT1/cmr/m/n/12 Diese Meth-doe va-li-diert eine eingegebene Mail-Adresse. Sie w
ird mithilfe von regularen
 []


Overfull \hbox (17.51906pt too wide) in paragraph at lines 919--923
\OT1/cmr/m/n/12 Diese Funk-tion uberschreibt den Even-thandler, der aufgerufen
 wird, wenn der Schlieen-
 []


<grafiken/Klassendiagramme_einzeln/Database/Database.png, id=340, 308.15125pt x
 223.83624pt>
File: grafiken/Klassendiagramme_einzeln/Database/Database.png Graphic file (typ
e png)
 <use grafiken/Klassendiagramme_einzeln/Database/Database.png>
Package pdftex.def Info: grafiken/Klassendiagramme_einzeln/Database/Database.pn
g used on input line 928.
(pdftex.def)             Requested size: 308.15048pt x 223.8357pt.

[34]
Overfull \hbox (11.99689pt too wide) in paragraph at lines 941--946
\OT1/cmr/m/n/12 Mithilfe dieser Funk-tion wird eine Daten-bank-abfrage aus-gef
uhrt und das Abfrageergeb-
 []

Package atveryend Info: Empty hook `BeforeClearDocument' on input line 948.
[35 <C:/Users/Felix/eclipse_workspace/SEII - Entwicklerdokumentation/grafiken/K
lassendiagramme_einzeln/Database/Database.png (PNG copy)>]
Package atveryend Info: Empty hook `AfterLastShipout' on input line 948.

("C:\Users\Felix\eclipse_workspace\SEII - Entwicklerdokumentation\Entwicklerdok
umentation.aux")
Package atveryend Info: Executing hook `AtVeryEndDocument' on input line 948.
Package atveryend Info: Executing hook `AtEndAfterFileList' on input line 948.
Package rerunfilecheck Info: File `Entwicklerdokumentation.out' has not changed
.
(rerunfilecheck)             Checksum: F0655C945FF42A5EE805A08DD5ABC2B3;2441.
Package atveryend Info: Empty hook `AtVeryVeryEnd' on input line 948.
 ) 
Here is how much of TeX's memory you used:
 6727 strings out of 493921
 102679 string characters out of 3144876
 183016 words of memory out of 3000000
 9841 multiletter control sequences out of 15000+200000
 10460 words of font info for 39 fonts, out of 3000000 for 9000
 841 hyphenation exceptions out of 8191
 29i,4n,28p,267b,393s stack positions out of 5000i,500n,10000p,200000b,50000s
<C:/Program Files (x86)/MiKTeX 2.9/fonts/type1/public/amsfonts/cm/cmbx12.pfb>
<C:/Program Files (x86)/MiKTeX 2.9/fonts/type1/public/amsfonts/cm/cmmib10.pfb><
C:/Program Files (x86)/MiKTeX 2.9/fonts/type1/public/amsfonts/cm/cmr12.pfb><C:/
Program Files (x86)/MiKTeX 2.9/fonts/type1/public/amsfonts/cm/cmr17.pfb><C:/Pro
gram Files (x86)/MiKTeX 2.9/fonts/type1/public/amsfonts/cm/cmsy10.pfb>
Output written on Entwicklerdokumentation.pdf (37 pages, 621414 bytes).
PDF statistics:
 386 PDF objects out of 1000 (max. 8388607)
 70 named destinations out of 1000 (max. 500000)
 382 words of extra memory for PDF output out of 10000 (max. 10000000)

